<?xml version="1.0" encoding="UTF-8"?>
<testsuite name="pck.ere.com.ApplicationTest" tests="1" skipped="0" failures="0" errors="0" timestamp="2022-02-12T08:00:32" hostname="Ilyas-MacBook-Pro.local" time="0.819">
  <properties/>
  <testcase name="testRoot" classname="pck.ere.com.ApplicationTest" time="0.819"/>
  <system-out><![CDATA[2022-02-12 11:00:33.204 [Test worker] INFO  ktor.test - Autoreload is disabled because the development mode is off.
2022-02-12 11:00:33.215 [Test worker] INFO  ktor.test - Application started in 0.08 seconds.
]]></system-out>
  <system-err><![CDATA[]]></system-err>
</testsuite>
